c:\users\david\desktop\humber college\4. semester 4\game midstone\assignments\midstone2022w\framework\debug\vc142.pdb
c:\users\david\desktop\humber college\4. semester 4\game midstone\assignments\midstone2022w\framework\debug\vc142.idb
c:\users\david\desktop\humber college\4. semester 4\game midstone\assignments\midstone2022w\framework\debug\window.obj
c:\users\david\desktop\humber college\4. semester 4\game midstone\assignments\midstone2022w\framework\debug\vmath.obj
c:\users\david\desktop\humber college\4. semester 4\game midstone\assignments\midstone2022w\framework\debug\timer.obj
c:\users\david\desktop\humber college\4. semester 4\game midstone\assignments\midstone2022w\framework\debug\scene1.obj
c:\users\david\desktop\humber college\4. semester 4\game midstone\assignments\midstone2022w\framework\debug\scene0.obj
c:\users\david\desktop\humber college\4. semester 4\game midstone\assignments\midstone2022w\framework\debug\player.obj
c:\users\david\desktop\humber college\4. semester 4\game midstone\assignments\midstone2022w\framework\debug\mmath.obj
c:\users\david\desktop\humber college\4. semester 4\game midstone\assignments\midstone2022w\framework\debug\main.obj
c:\users\david\desktop\humber college\4. semester 4\game midstone\assignments\midstone2022w\framework\debug\gamemanager.obj
c:\users\david\desktop\humber college\4. semester 4\game midstone\assignments\midstone2022w\framework\debug\debug.obj
c:\users\david\desktop\humber college\4. semester 4\game midstone\assignments\midstone2022w\framework\debug\body.obj
c:\users\david\desktop\humber college\4. semester 4\game midstone\assignments\midstone2022w\framework\debug\gameobject.obj
c:\users\david\desktop\humber college\4. semester 4\game midstone\assignments\midstone2022w\framework\debug\collisionmanager.obj
c:\users\david\desktop\humber college\4. semester 4\game midstone\assignments\midstone2022w\debug\framework.exe
c:\users\david\desktop\humber college\4. semester 4\game midstone\assignments\midstone2022w\framework\debug\framework.ilk
c:\users\david\desktop\humber college\4. semester 4\game midstone\assignments\midstone2022w\debug\framework.pdb
c:\users\david\desktop\humber college\4. semester 4\game midstone\assignments\midstone2022w\framework\debug\shader.obj
c:\users\david\desktop\humber college\4. semester 4\game midstone\assignments\midstone2022w\framework\debug\staticmesh.obj
c:\users\david\desktop\humber college\4. semester 4\game midstone\assignments\midstone2022w\debug\framework.ilk
c:\users\david\desktop\humber college\4. semester 4\game midstone\assignments\midstone2022w\framework\debug\framework.tlog\cl.command.1.tlog
c:\users\david\desktop\humber college\4. semester 4\game midstone\assignments\midstone2022w\framework\debug\framework.tlog\cl.read.1.tlog
c:\users\david\desktop\humber college\4. semester 4\game midstone\assignments\midstone2022w\framework\debug\framework.tlog\cl.write.1.tlog
c:\users\david\desktop\humber college\4. semester 4\game midstone\assignments\midstone2022w\framework\debug\framework.tlog\link.command.1.tlog
c:\users\david\desktop\humber college\4. semester 4\game midstone\assignments\midstone2022w\framework\debug\framework.tlog\link.read.1.tlog
c:\users\david\desktop\humber college\4. semester 4\game midstone\assignments\midstone2022w\framework\debug\framework.tlog\link.write.1.tlog
